Error (CFGR File Doesn't Exist):
Occurred: 3/13/2025 7:17:46 PM
            -APVFilename           Z:/Users/yunhalee/Documents/LOCAETA/RCM/BenMAP/batchmode/APV/apv_mortality_asthma.apvx
            -CFGRFilename          Z:/Users/yunhalee/Documents/LOCAETA/RCM/BenMAP/batchmode/CFGR/control_CO_Suncor_CCS_wo_NH3_VOC_county_inmap_2020_pm25.cfgrx
            -ResultsFilename       Z:/Users/yunhalee/Documents/LOCAETA/RCM/BenMAP/batchmode/APVR/control_CO_Suncor_CCS_wo_NH3_VOC_county_inmap_2020_pm25.apvrx
            -IncidenceAggregation  County
            -ValuationAggregation  County
Report Error (Input File Doesn't Exist):
Occurred: 3/13/2025 7:17:46 PM
            -InputFile  Z:/Users/yunhalee/Documents/LOCAETA/RCM/BenMAP/batchmode/APVR/control_CO_Suncor_CCS_wo_NH3_VOC_county_inmap_2020_pm25.apvrx
            -ReportFile Z:/Users/yunhalee/Documents/LOCAETA/RCM/BenMAP/batchmode/APVR/control_CO_Suncor_CCS_wo_NH3_VOC_county_inmap_2020_pm25.txt
Report Error (Input File Doesn't Exist):
Occurred: 3/13/2025 7:17:46 PM
            -InputFile  Z:/Users/yunhalee/Documents/LOCAETA/RCM/BenMAP/batchmode/APVR/control_CO_Suncor_CCS_wo_NH3_VOC_county_inmap_2020_pm25.apvrx
            -ReportFile Z:/Users/yunhalee/Documents/LOCAETA/RCM/BenMAP/batchmode/APVR/control_CO_Suncor_CCS_wo_NH3_VOC_county_inmap_2020_pm25-incidence.csv
            -ResultType PooledIncidence
            -CustomFields Pollutant,Endpoint,Author,Start Age,End Age,Version,Age Range,Name,Race,Ethnicity
            -ResultFields Point Estimate,Population,Delta,Mean,Baseline
Report Error (Input File Doesn't Exist):
Occurred: 3/13/2025 7:17:46 PM
            -InputFile  Z:/Users/yunhalee/Documents/LOCAETA/RCM/BenMAP/batchmode/APVR/control_CO_Suncor_CCS_wo_NH3_VOC_county_inmap_2020_pm25.apvrx
            -ReportFile Z:/Users/yunhalee/Documents/LOCAETA/RCM/BenMAP/batchmode/APVR/control_CO_Suncor_CCS_wo_NH3_VOC_county_inmap_2020_pm25-valuation.csv
            -ResultType PooledValuation
            -CustomFields Pollutant,Endpoint,Author,Start Age,End Age,Version,Age Range,Name,Race,Ethnicity
            -ResultFields Point Estimate,Mean
